[debug] [2020-11-03T16:43:35.354Z] ----------------------------------------------------------------------
[debug] [2020-11-03T16:43:35.356Z] Command:       C:\Program Files\nodejs\node.exe C:\Users\Abdifatah\AppData\Roaming\npm\node_modules\firebase-tools\lib\bin\firebase.js deploy --only hosting
[debug] [2020-11-03T16:43:35.357Z] CLI Version:   8.14.1
[debug] [2020-11-03T16:43:35.357Z] Platform:      win32
[debug] [2020-11-03T16:43:35.357Z] Node Version:  v12.19.0
[debug] [2020-11-03T16:43:35.358Z] Time:          Tue Nov 03 2020 19:43:35 GMT+0300 (East Africa Time)
[debug] [2020-11-03T16:43:35.358Z] ----------------------------------------------------------------------
[debug] [2020-11-03T16:43:35.358Z] 
[debug] [2020-11-03T16:43:35.367Z] > command requires scopes: ["email","openid","https://www.googleapis.com/auth/cloudplatformprojects.readonly","https://www.googleapis.com/auth/firebase","https://www.googleapis.com/auth/cloud-platform"]
[debug] [2020-11-03T16:43:35.368Z] > authorizing via signed-in user
[debug] [2020-11-03T16:43:35.368Z] [iam] checking project clone-cc4e3 for permissions ["firebase.projects.get","firebasehosting.sites.update"]
[debug] [2020-11-03T16:43:35.372Z] >>> HTTP REQUEST POST https://cloudresourcemanager.googleapis.com/v1/projects/clone-cc4e3:testIamPermissions  
 {"permissions":["firebase.projects.get","firebasehosting.sites.update"]}
[debug] [2020-11-03T16:43:47.232Z] [iam] error while checking permissions, command may fail: FirebaseError: Server Error. getaddrinfo ENOTFOUND cloudresourcemanager.googleapis.com
[debug] [2020-11-03T16:43:47.234Z] >>> HTTP REQUEST GET https://firebase.googleapis.com/v1beta1/projects/clone-cc4e3  
 
[debug] [2020-11-03T16:43:47.239Z] Server Error. getaddrinfo ENOTFOUND firebase.googleapis.com
[debug] [2020-11-03T16:43:47.256Z] FirebaseError: Server Error. getaddrinfo ENOTFOUND firebase.googleapis.com
    at Request._callback (C:\Users\Abdifatah\AppData\Roaming\npm\node_modules\firebase-tools\lib\api.js:32:31)
    at self.callback (C:\Users\Abdifatah\AppData\Roaming\npm\node_modules\firebase-tools\node_modules\request\request.js:185:22)
    at Request.emit (events.js:314:20)
    at Request.EventEmitter.emit (domain.js:483:12)
    at Request.onRequestError (C:\Users\Abdifatah\AppData\Roaming\npm\node_modules\firebase-tools\node_modules\request\request.js:877:8)
    at ClientRequest.emit (events.js:326:22)
    at ClientRequest.EventEmitter.emit (domain.js:483:12)
    at TLSSocket.socketErrorListener (_http_client.js:428:9)
    at TLSSocket.emit (events.js:314:20)
    at TLSSocket.EventEmitter.emit (domain.js:483:12)
    at emitErrorNT (internal/streams/destroy.js:92:8)
    at emitErrorAndCloseNT (internal/streams/destroy.js:60:3)
    at processTicksAndRejections (internal/process/task_queues.js:84:21)
[error] 
[error] Error: Failed to get Firebase project clone-cc4e3. Please make sure the project exists and your account has permission to access it.
